Using pre-set license
Built from '2020.3/staging' branch; Version is '2020.3.11f1 (99c7afb366b3) revision 10078127'; Using compiler version '192528614'; Build Type 'Release'
OS: 'Windows 10 Home; OS build 19043.1110; Version 2009; 64bit' Language: 'ru' Physical Memory: 8143 MB
BatchMode: 1, IsHumanControllingUs: 0, StartBugReporterOnCrash: 0, Is64bit: 1, IsPro: 0

 COMMAND LINE ARGUMENTS:
X:\Unity\Unity\2020.3.11f1\Editor\Unity.exe
-adb2
-batchMode
-noUpm
-name
AssetImportWorker0
-projectPath
X:/GitHub/Solid/Solid
-logFile
Logs/AssetImportWorker0.log
-srvPort
52297
Successfully changed project path to: X:/GitHub/Solid/Solid
X:/GitHub/Solid/Solid
Using Asset Import Pipeline V2.
Refreshing native plugins compatible for Editor in 92.06 ms, found 2 plugins.
Preloading 0 native plugins for Editor in 0.00 ms.
Initialize engine version: 2020.3.11f1 (99c7afb366b3)
[Subsystems] Discovering subsystems at path X:/Unity/Unity/2020.3.11f1/Editor/Data/Resources/UnitySubsystems
[Subsystems] Discovering subsystems at path X:/GitHub/Solid/Solid/Assets
GfxDevice: creating device client; threaded=0
Direct3D:
    Version:  Direct3D 11.0 [level 11.1]
    Renderer: NVIDIA GeForce GTX 1050 Ti (ID=0x1c82)
    Vendor:   
    VRAM:     4018 MB
    Driver:   27.21.14.5671
Initialize mono
Mono path[0] = 'X:/Unity/Unity/2020.3.11f1/Editor/Data/Managed'
Mono path[1] = 'X:/Unity/Unity/2020.3.11f1/Editor/Data/MonoBleedingEdge/lib/mono/unityjit'
Mono config path = 'X:/Unity/Unity/2020.3.11f1/Editor/Data/MonoBleedingEdge/etc'
Using monoOptions --debugger-agent=transport=dt_socket,embedding=1,server=y,suspend=n,address=127.0.0.1:56116
Begin MonoManager ReloadAssembly
Registering precompiled unity dll's ...
Register platform support module: X:/Unity/Unity/2020.3.11f1/Editor/Data/PlaybackEngines/WebGLSupport/UnityEditor.WebGL.Extensions.dll
Register platform support module: X:/Unity/Unity/2020.3.11f1/Editor/Data/PlaybackEngines/WindowsStandaloneSupport/UnityEditor.WindowsStandalone.Extensions.dll
Registered in 0.001370 seconds.
Native extension for WindowsStandalone target not found
Native extension for WebGL target not found
Refreshing native plugins compatible for Editor in 76.69 ms, found 2 plugins.
Preloading 0 native plugins for Editor in 0.00 ms.
Mono: successfully reloaded assembly
- Completed reload, in  1.387 seconds
Platform modules already initialized, skipping
Registering precompiled user dll's ...
Registered in 0.005634 seconds.
Begin MonoManager ReloadAssembly
Native extension for WindowsStandalone target not found
Native extension for WebGL target not found
Refreshing native plugins compatible for Editor in 55.83 ms, found 2 plugins.
Preloading 0 native plugins for Editor in 0.00 ms.
Mono: successfully reloaded assembly
- Completed reload, in  1.568 seconds
Platform modules already initialized, skipping
========================================================================
Worker process is ready to serve import requests
Shader 'Universal Render Pipeline/Particles/Lit': fallback shader 'Universal Render Pipeline/Particles/SimpleLit' not found
Shader 'Universal Render Pipeline/Particles/Lit': fallback shader 'Universal Render Pipeline/Particles/SimpleLit' not found
Launched and connected shader compiler UnityShaderCompiler.exe after 0.10 seconds
Refreshing native plugins compatible for Editor in 0.60 ms, found 2 plugins.
Preloading 0 native plugins for Editor in 0.00 ms.
Unloading 2696 Unused Serialized files (Serialized files now loaded: 0)
System memory in use before: 122.7 MB.
System memory in use after: 119.9 MB.

Unloading 54 unused Assets to reduce memory usage. Loaded Objects now: 3096.
Total: 4.052200 ms (FindLiveObjects: 0.312700 ms CreateObjectMapping: 0.173400 ms MarkObjects: 2.202000 ms  DeleteObjects: 1.362000 ms)

========================================================================
Received Import Request.
  path: Assets/LevelManager.cs
  artifactKey: Guid(7aefdac8bdc6ce84f8c15477e883f9f3) Importer(815301076,1909f56bfc062723c751e8b465ee728b)
Start importing Assets/LevelManager.cs using Guid(7aefdac8bdc6ce84f8c15477e883f9f3) Importer(815301076,1909f56bfc062723c751e8b465ee728b)  -> (artifact id: '04d1fc25707501c9901cdc342cad01e2') in 0.091038 seconds
  Import took 0.160520 seconds .

========================================================================
Received Import Request.
  Time since last request: 13.853590 seconds.
  path: Assets/LevelSelecter.cs
  artifactKey: Guid(7f9b610393dfecd4fbc62f73bb32368a) Importer(815301076,1909f56bfc062723c751e8b465ee728b)
Start importing Assets/LevelSelecter.cs using Guid(7f9b610393dfecd4fbc62f73bb32368a) Importer(815301076,1909f56bfc062723c751e8b465ee728b)  -> (artifact id: 'fc77e04f3871d3d28990fa2213b886ac') in 0.014470 seconds
  Import took 0.035740 seconds .

========================================================================
Received Import Request.
  Time since last request: 0.004562 seconds.
  path: Assets/LevelSelecter.cs
  artifactKey: Guid(7f9b610393dfecd4fbc62f73bb32368a) Importer(815301076,1909f56bfc062723c751e8b465ee728b)
Start importing Assets/LevelSelecter.cs using Guid(7f9b610393dfecd4fbc62f73bb32368a) Importer(815301076,1909f56bfc062723c751e8b465ee728b)  -> (artifact id: 'fc77e04f3871d3d28990fa2213b886ac') in 0.009341 seconds
  Import took 0.021008 seconds .

========================================================================
Received Prepare
Registering precompiled user dll's ...
Registered in 0.003720 seconds.
Begin MonoManager ReloadAssembly
Native extension for WindowsStandalone target not found
Native extension for WebGL target not found
Refreshing native plugins compatible for Editor in 1.70 ms, found 2 plugins.
Preloading 0 native plugins for Editor in 0.00 ms.
Mono: successfully reloaded assembly
- Completed reload, in  2.416 seconds
Platform modules already initialized, skipping
Shader 'Universal Render Pipeline/Particles/Lit': fallback shader 'Universal Render Pipeline/Particles/SimpleLit' not found
Shader 'Universal Render Pipeline/Particles/Lit': fallback shader 'Universal Render Pipeline/Particles/SimpleLit' not found
Refreshing native plugins compatible for Editor in 0.52 ms, found 2 plugins.
Preloading 0 native plugins for Editor in 0.00 ms.
Unloading 2622 Unused Serialized files (Serialized files now loaded: 0)
System memory in use before: 119.0 MB.
System memory in use after: 116.2 MB.

Unloading 49 unused Assets to reduce memory usage. Loaded Objects now: 3100.
Total: 6.598500 ms (FindLiveObjects: 0.375800 ms CreateObjectMapping: 0.146900 ms MarkObjects: 4.068500 ms  DeleteObjects: 2.006000 ms)

========================================================================
Received Prepare
Registering precompiled user dll's ...
Registered in 0.003990 seconds.
Begin MonoManager ReloadAssembly
Native extension for WindowsStandalone target not found
Native extension for WebGL target not found
Refreshing native plugins compatible for Editor in 0.50 ms, found 2 plugins.
Preloading 0 native plugins for Editor in 0.00 ms.
Mono: successfully reloaded assembly
- Completed reload, in  1.259 seconds
Platform modules already initialized, skipping
Shader 'Universal Render Pipeline/Particles/Lit': fallback shader 'Universal Render Pipeline/Particles/SimpleLit' not found
Shader 'Universal Render Pipeline/Particles/Lit': fallback shader 'Universal Render Pipeline/Particles/SimpleLit' not found
Refreshing native plugins compatible for Editor in 0.63 ms, found 2 plugins.
Preloading 0 native plugins for Editor in 0.00 ms.
Unloading 2622 Unused Serialized files (Serialized files now loaded: 0)
System memory in use before: 119.1 MB.
System memory in use after: 116.3 MB.

Unloading 49 unused Assets to reduce memory usage. Loaded Objects now: 3103.
Total: 4.240000 ms (FindLiveObjects: 0.306000 ms CreateObjectMapping: 0.134200 ms MarkObjects: 2.146300 ms  DeleteObjects: 1.651900 ms)

========================================================================
Received Import Request.
  Time since last request: 1685.488727 seconds.
  path: Assets/LevelSelecter.cs
  artifactKey: Guid(7f9b610393dfecd4fbc62f73bb32368a) Importer(815301076,1909f56bfc062723c751e8b465ee728b)
Start importing Assets/LevelSelecter.cs using Guid(7f9b610393dfecd4fbc62f73bb32368a) Importer(815301076,1909f56bfc062723c751e8b465ee728b)  -> (artifact id: 'ac0407a4e0522c7970bfd6a22d48356c') in 0.006294 seconds
  Import took 0.032243 seconds .

========================================================================
Received Prepare
Registering precompiled user dll's ...
Registered in 0.235285 seconds.
Begin MonoManager ReloadAssembly
Native extension for WindowsStandalone target not found
Native extension for WebGL target not found
Refreshing native plugins compatible for Editor in 0.94 ms, found 2 plugins.
Preloading 0 native plugins for Editor in 0.00 ms.
Mono: successfully reloaded assembly
- Completed reload, in  1.561 seconds
Platform modules already initialized, skipping
Shader 'Universal Render Pipeline/Particles/Lit': fallback shader 'Universal Render Pipeline/Particles/SimpleLit' not found
Shader 'Universal Render Pipeline/Particles/Lit': fallback shader 'Universal Render Pipeline/Particles/SimpleLit' not found
Refreshing native plugins compatible for Editor in 0.54 ms, found 2 plugins.
Preloading 0 native plugins for Editor in 0.00 ms.
Unloading 2622 Unused Serialized files (Serialized files now loaded: 0)
System memory in use before: 119.0 MB.
System memory in use after: 116.3 MB.

Unloading 49 unused Assets to reduce memory usage. Loaded Objects now: 3106.
Total: 4.659500 ms (FindLiveObjects: 0.532800 ms CreateObjectMapping: 0.236600 ms MarkObjects: 2.177300 ms  DeleteObjects: 1.711100 ms)

========================================================================
Received Import Request.
  Time since last request: 813.405298 seconds.
  path: Assets/LevelSelecter.cs
  artifactKey: Guid(7f9b610393dfecd4fbc62f73bb32368a) Importer(815301076,1909f56bfc062723c751e8b465ee728b)
Start importing Assets/LevelSelecter.cs using Guid(7f9b610393dfecd4fbc62f73bb32368a) Importer(815301076,1909f56bfc062723c751e8b465ee728b)  -> (artifact id: '0d1f2b6110759b08ef539a668c4bd656') in 0.012478 seconds
  Import took 0.028153 seconds .

========================================================================
Received Prepare
Registering precompiled user dll's ...
Registered in 0.013104 seconds.
Begin MonoManager ReloadAssembly
Native extension for WindowsStandalone target not found
Native extension for WebGL target not found
Refreshing native plugins compatible for Editor in 1.24 ms, found 2 plugins.
Preloading 0 native plugins for Editor in 0.00 ms.
Mono: successfully reloaded assembly
- Completed reload, in  2.567 seconds
Platform modules already initialized, skipping
Shader 'Universal Render Pipeline/Particles/Lit': fallback shader 'Universal Render Pipeline/Particles/SimpleLit' not found
Shader 'Universal Render Pipeline/Particles/Lit': fallback shader 'Universal Render Pipeline/Particles/SimpleLit' not found
Refreshing native plugins compatible for Editor in 4.19 ms, found 2 plugins.
Preloading 0 native plugins for Editor in 0.00 ms.
Unloading 2622 Unused Serialized files (Serialized files now loaded: 0)
System memory in use before: 119.1 MB.
System memory in use after: 116.3 MB.

Unloading 49 unused Assets to reduce memory usage. Loaded Objects now: 3109.
Total: 10.611700 ms (FindLiveObjects: 0.432500 ms CreateObjectMapping: 0.382400 ms MarkObjects: 7.103900 ms  DeleteObjects: 2.690900 ms)

========================================================================
Received Prepare
Registering precompiled user dll's ...
Registered in 0.006522 seconds.
Begin MonoManager ReloadAssembly
Native extension for WindowsStandalone target not found
Native extension for WebGL target not found
Refreshing native plugins compatible for Editor in 0.64 ms, found 2 plugins.
Preloading 0 native plugins for Editor in 0.00 ms.
Mono: successfully reloaded assembly
- Completed reload, in  1.516 seconds
Platform modules already initialized, skipping
Shader 'Universal Render Pipeline/Particles/Lit': fallback shader 'Universal Render Pipeline/Particles/SimpleLit' not found
Shader 'Universal Render Pipeline/Particles/Lit': fallback shader 'Universal Render Pipeline/Particles/SimpleLit' not found
Refreshing native plugins compatible for Editor in 0.70 ms, found 2 plugins.
Preloading 0 native plugins for Editor in 0.00 ms.
Unloading 2622 Unused Serialized files (Serialized files now loaded: 0)
System memory in use before: 119.1 MB.
System memory in use after: 116.3 MB.

Unloading 49 unused Assets to reduce memory usage. Loaded Objects now: 3112.
Total: 5.823000 ms (FindLiveObjects: 0.287300 ms CreateObjectMapping: 0.357300 ms MarkObjects: 2.544700 ms  DeleteObjects: 2.631600 ms)

========================================================================
Received Prepare
Registering precompiled user dll's ...
Registered in 0.005442 seconds.
Begin MonoManager ReloadAssembly
Native extension for WindowsStandalone target not found
Native extension for WebGL target not found
Refreshing native plugins compatible for Editor in 0.74 ms, found 2 plugins.
Preloading 0 native plugins for Editor in 0.00 ms.
Mono: successfully reloaded assembly
- Completed reload, in  1.885 seconds
Platform modules already initialized, skipping
Shader 'Universal Render Pipeline/Particles/Lit': fallback shader 'Universal Render Pipeline/Particles/SimpleLit' not found
Shader 'Universal Render Pipeline/Particles/Lit': fallback shader 'Universal Render Pipeline/Particles/SimpleLit' not found
Refreshing native plugins compatible for Editor in 0.55 ms, found 2 plugins.
Preloading 0 native plugins for Editor in 0.00 ms.
Unloading 2622 Unused Serialized files (Serialized files now loaded: 0)
System memory in use before: 119.2 MB.
System memory in use after: 116.4 MB.

Unloading 49 unused Assets to reduce memory usage. Loaded Objects now: 3115.
Total: 7.469700 ms (FindLiveObjects: 0.909000 ms CreateObjectMapping: 0.342500 ms MarkObjects: 3.478900 ms  DeleteObjects: 2.736000 ms)

========================================================================
Received Prepare
Registering precompiled user dll's ...
Registered in 0.003393 seconds.
Begin MonoManager ReloadAssembly
Native extension for WindowsStandalone target not found
Native extension for WebGL target not found
Refreshing native plugins compatible for Editor in 0.81 ms, found 2 plugins.
Preloading 0 native plugins for Editor in 0.00 ms.
Mono: successfully reloaded assembly
- Completed reload, in  1.497 seconds
Platform modules already initialized, skipping
Shader 'Universal Render Pipeline/Particles/Lit': fallback shader 'Universal Render Pipeline/Particles/SimpleLit' not found
Shader 'Universal Render Pipeline/Particles/Lit': fallback shader 'Universal Render Pipeline/Particles/SimpleLit' not found
Refreshing native plugins compatible for Editor in 0.64 ms, found 2 plugins.
Preloading 0 native plugins for Editor in 0.00 ms.
Unloading 2622 Unused Serialized files (Serialized files now loaded: 0)
System memory in use before: 119.2 MB.
System memory in use after: 116.5 MB.

Unloading 49 unused Assets to reduce memory usage. Loaded Objects now: 3118.
Total: 7.610200 ms (FindLiveObjects: 0.955500 ms CreateObjectMapping: 0.588800 ms MarkObjects: 4.265200 ms  DeleteObjects: 1.798300 ms)

========================================================================
Received Prepare
Registering precompiled user dll's ...
Registered in 0.008671 seconds.
Begin MonoManager ReloadAssembly
Native extension for WindowsStandalone target not found
Native extension for WebGL target not found
Refreshing native plugins compatible for Editor in 0.69 ms, found 2 plugins.
Preloading 0 native plugins for Editor in 0.00 ms.
Mono: successfully reloaded assembly
- Completed reload, in  1.553 seconds
Platform modules already initialized, skipping
Shader 'Universal Render Pipeline/Particles/Lit': fallback shader 'Universal Render Pipeline/Particles/SimpleLit' not found
Shader 'Universal Render Pipeline/Particles/Lit': fallback shader 'Universal Render Pipeline/Particles/SimpleLit' not found
Refreshing native plugins compatible for Editor in 0.51 ms, found 2 plugins.
Preloading 0 native plugins for Editor in 0.00 ms.
Unloading 2622 Unused Serialized files (Serialized files now loaded: 0)
System memory in use before: 119.2 MB.
System memory in use after: 116.5 MB.

Unloading 49 unused Assets to reduce memory usage. Loaded Objects now: 3121.
Total: 6.244000 ms (FindLiveObjects: 0.312600 ms CreateObjectMapping: 0.160000 ms MarkObjects: 2.144400 ms  DeleteObjects: 3.625600 ms)

========================================================================
Received Prepare
Registering precompiled user dll's ...
Registered in 0.009879 seconds.
Begin MonoManager ReloadAssembly
Native extension for WindowsStandalone target not found
Native extension for WebGL target not found
Refreshing native plugins compatible for Editor in 2.39 ms, found 2 plugins.
Preloading 0 native plugins for Editor in 0.00 ms.
Mono: successfully reloaded assembly
- Completed reload, in  1.602 seconds
Platform modules already initialized, skipping
Shader 'Universal Render Pipeline/Particles/Lit': fallback shader 'Universal Render Pipeline/Particles/SimpleLit' not found
Shader 'Universal Render Pipeline/Particles/Lit': fallback shader 'Universal Render Pipeline/Particles/SimpleLit' not found
Refreshing native plugins compatible for Editor in 0.51 ms, found 2 plugins.
Preloading 0 native plugins for Editor in 0.00 ms.
Unloading 2622 Unused Serialized files (Serialized files now loaded: 0)
System memory in use before: 119.2 MB.
System memory in use after: 116.5 MB.

Unloading 49 unused Assets to reduce memory usage. Loaded Objects now: 3124.
Total: 4.382600 ms (FindLiveObjects: 0.297000 ms CreateObjectMapping: 0.135600 ms MarkObjects: 2.377200 ms  DeleteObjects: 1.571000 ms)

========================================================================
Received Prepare
Registering precompiled user dll's ...
Registered in 0.003860 seconds.
Begin MonoManager ReloadAssembly
Native extension for WindowsStandalone target not found
Native extension for WebGL target not found
Refreshing native plugins compatible for Editor in 1.87 ms, found 2 plugins.
Preloading 0 native plugins for Editor in 0.00 ms.
Mono: successfully reloaded assembly
- Completed reload, in  1.607 seconds
Platform modules already initialized, skipping
Shader 'Universal Render Pipeline/Particles/Lit': fallback shader 'Universal Render Pipeline/Particles/SimpleLit' not found
Shader 'Universal Render Pipeline/Particles/Lit': fallback shader 'Universal Render Pipeline/Particles/SimpleLit' not found
Refreshing native plugins compatible for Editor in 0.83 ms, found 2 plugins.
Preloading 0 native plugins for Editor in 0.00 ms.
Unloading 2622 Unused Serialized files (Serialized files now loaded: 0)
System memory in use before: 119.2 MB.
System memory in use after: 116.5 MB.

Unloading 49 unused Assets to reduce memory usage. Loaded Objects now: 3127.
Total: 5.417200 ms (FindLiveObjects: 0.495600 ms CreateObjectMapping: 0.206700 ms MarkObjects: 2.393600 ms  DeleteObjects: 2.319700 ms)

========================================================================
Received Prepare
Registering precompiled user dll's ...
Registered in 0.006822 seconds.
Begin MonoManager ReloadAssembly
Native extension for WindowsStandalone target not found
Native extension for WebGL target not found
Refreshing native plugins compatible for Editor in 0.80 ms, found 2 plugins.
Preloading 0 native plugins for Editor in 0.00 ms.
Mono: successfully reloaded assembly
- Completed reload, in  1.382 seconds
Platform modules already initialized, skipping
Shader 'Universal Render Pipeline/Particles/Lit': fallback shader 'Universal Render Pipeline/Particles/SimpleLit' not found
Shader 'Universal Render Pipeline/Particles/Lit': fallback shader 'Universal Render Pipeline/Particles/SimpleLit' not found
Refreshing native plugins compatible for Editor in 0.51 ms, found 2 plugins.
Preloading 0 native plugins for Editor in 0.00 ms.
Unloading 2622 Unused Serialized files (Serialized files now loaded: 0)
System memory in use before: 119.2 MB.
System memory in use after: 116.5 MB.

Unloading 49 unused Assets to reduce memory usage. Loaded Objects now: 3130.
Total: 4.186600 ms (FindLiveObjects: 0.399400 ms CreateObjectMapping: 0.254700 ms MarkObjects: 1.952400 ms  DeleteObjects: 1.578400 ms)

========================================================================
Received Prepare
Registering precompiled user dll's ...
Registered in 0.003966 seconds.
Begin MonoManager ReloadAssembly
Native extension for WindowsStandalone target not found
Native extension for WebGL target not found
Refreshing native plugins compatible for Editor in 1.08 ms, found 2 plugins.
Preloading 0 native plugins for Editor in 0.00 ms.
Mono: successfully reloaded assembly
- Completed reload, in  1.616 seconds
Platform modules already initialized, skipping
Shader 'Universal Render Pipeline/Particles/Lit': fallback shader 'Universal Render Pipeline/Particles/SimpleLit' not found
Shader 'Universal Render Pipeline/Particles/Lit': fallback shader 'Universal Render Pipeline/Particles/SimpleLit' not found
Refreshing native plugins compatible for Editor in 0.59 ms, found 2 plugins.
Preloading 0 native plugins for Editor in 0.00 ms.
Unloading 2622 Unused Serialized files (Serialized files now loaded: 0)
System memory in use before: 119.2 MB.
System memory in use after: 116.5 MB.

Unloading 49 unused Assets to reduce memory usage. Loaded Objects now: 3133.
Total: 4.138800 ms (FindLiveObjects: 0.292000 ms CreateObjectMapping: 0.135100 ms MarkObjects: 2.197000 ms  DeleteObjects: 1.513200 ms)

========================================================================
Received Prepare
Registering precompiled user dll's ...
Registered in 0.005323 seconds.
Begin MonoManager ReloadAssembly
Native extension for WindowsStandalone target not found
Native extension for WebGL target not found
Refreshing native plugins compatible for Editor in 1.72 ms, found 2 plugins.
Preloading 0 native plugins for Editor in 0.00 ms.
Mono: successfully reloaded assembly
- Completed reload, in  1.489 seconds
Platform modules already initialized, skipping
Shader 'Universal Render Pipeline/Particles/Lit': fallback shader 'Universal Render Pipeline/Particles/SimpleLit' not found
Shader 'Universal Render Pipeline/Particles/Lit': fallback shader 'Universal Render Pipeline/Particles/SimpleLit' not found
Refreshing native plugins compatible for Editor in 0.52 ms, found 2 plugins.
Preloading 0 native plugins for Editor in 0.00 ms.
Unloading 2622 Unused Serialized files (Serialized files now loaded: 0)
System memory in use before: 119.3 MB.
System memory in use after: 116.5 MB.

Unloading 49 unused Assets to reduce memory usage. Loaded Objects now: 3136.
Total: 6.420100 ms (FindLiveObjects: 0.373200 ms CreateObjectMapping: 0.213700 ms MarkObjects: 3.337500 ms  DeleteObjects: 2.493900 ms)

========================================================================
Received Prepare
Registering precompiled user dll's ...
Registered in 0.008798 seconds.
Begin MonoManager ReloadAssembly
Native extension for WindowsStandalone target not found
Native extension for WebGL target not found
Refreshing native plugins compatible for Editor in 4.66 ms, found 2 plugins.
Preloading 0 native plugins for Editor in 0.00 ms.
Mono: successfully reloaded assembly
- Completed reload, in  2.829 seconds
Platform modules already initialized, skipping
Shader 'Universal Render Pipeline/Particles/Lit': fallback shader 'Universal Render Pipeline/Particles/SimpleLit' not found
Shader 'Universal Render Pipeline/Particles/Lit': fallback shader 'Universal Render Pipeline/Particles/SimpleLit' not found
Refreshing native plugins compatible for Editor in 1.89 ms, found 2 plugins.
Preloading 0 native plugins for Editor in 0.00 ms.
Unloading 2622 Unused Serialized files (Serialized files now loaded: 0)
System memory in use before: 119.3 MB.
System memory in use after: 116.5 MB.

Unloading 49 unused Assets to reduce memory usage. Loaded Objects now: 3139.
Total: 12.945300 ms (FindLiveObjects: 0.535800 ms CreateObjectMapping: 0.319300 ms MarkObjects: 3.111600 ms  DeleteObjects: 8.975700 ms)

========================================================================
Received Import Request.
  Time since last request: 1974.158847 seconds.
  path: Assets/Lvl_12.unity
  artifactKey: Guid(c15bf9f42c1dba849898bc5b096570bb) Importer(815301076,1909f56bfc062723c751e8b465ee728b)
Start importing Assets/Lvl_12.unity using Guid(c15bf9f42c1dba849898bc5b096570bb) Importer(815301076,1909f56bfc062723c751e8b465ee728b)  -> (artifact id: '6f49e8449a8d0c7efe2ac8f8cf44baaa') in 0.105294 seconds
  Import took 0.124455 seconds .

========================================================================
Received Import Request.
  Time since last request: 47.146341 seconds.
  path: Assets/Lvl_12.unity
  artifactKey: Guid(e731660fdf2794749a940c20e8acb784) Importer(815301076,1909f56bfc062723c751e8b465ee728b)
Start importing Assets/Lvl_12.unity using Guid(e731660fdf2794749a940c20e8acb784) Importer(815301076,1909f56bfc062723c751e8b465ee728b)  -> (artifact id: '722c78d8977279dc3921022ff64e54b9') in 0.005307 seconds
  Import took 0.030250 seconds .

========================================================================
Received Prepare
Registering precompiled user dll's ...
Registered in 0.005314 seconds.
Begin MonoManager ReloadAssembly
Native extension for WindowsStandalone target not found
Native extension for WebGL target not found
Refreshing native plugins compatible for Editor in 0.89 ms, found 2 plugins.
Preloading 0 native plugins for Editor in 0.00 ms.
Mono: successfully reloaded assembly
- Completed reload, in  2.029 seconds
Platform modules already initialized, skipping
Shader 'Universal Render Pipeline/Particles/Lit': fallback shader 'Universal Render Pipeline/Particles/SimpleLit' not found
Shader 'Universal Render Pipeline/Particles/Lit': fallback shader 'Universal Render Pipeline/Particles/SimpleLit' not found
Refreshing native plugins compatible for Editor in 0.96 ms, found 2 plugins.
Preloading 0 native plugins for Editor in 0.00 ms.
Unloading 2622 Unused Serialized files (Serialized files now loaded: 0)
System memory in use before: 119.2 MB.
System memory in use after: 116.5 MB.

Unloading 49 unused Assets to reduce memory usage. Loaded Objects now: 3142.
Total: 4.950800 ms (FindLiveObjects: 0.313300 ms CreateObjectMapping: 0.270700 ms MarkObjects: 2.644000 ms  DeleteObjects: 1.690800 ms)

========================================================================
Received Import Request.
  Time since last request: 845.492348 seconds.
  path: Assets/Lvl_11.unity
  artifactKey: Guid(38201ee4c442cd14a8bce2e3e4063cf1) Importer(815301076,1909f56bfc062723c751e8b465ee728b)
Start importing Assets/Lvl_11.unity using Guid(38201ee4c442cd14a8bce2e3e4063cf1) Importer(815301076,1909f56bfc062723c751e8b465ee728b)  -> (artifact id: '089f621c0101ee4a1268e67a4c3bc0bb') in 0.035858 seconds
  Import took 0.044342 seconds .

========================================================================
Received Import Request.
  Time since last request: 27.417278 seconds.
  path: Assets/Level Manager.unity
  artifactKey: Guid(136ac8cedca54e64984f71d28772bf4c) Importer(815301076,1909f56bfc062723c751e8b465ee728b)
Start importing Assets/Level Manager.unity using Guid(136ac8cedca54e64984f71d28772bf4c) Importer(815301076,1909f56bfc062723c751e8b465ee728b)  -> (artifact id: 'd175f269ee70e018115750c076d9e0ea') in 0.010117 seconds
  Import took 0.041487 seconds .

========================================================================
Received Prepare
Registering precompiled user dll's ...
Registered in 0.014330 seconds.
Begin MonoManager ReloadAssembly
Native extension for WindowsStandalone target not found
Native extension for WebGL target not found
Refreshing native plugins compatible for Editor in 0.60 ms, found 2 plugins.
Preloading 0 native plugins for Editor in 0.00 ms.
Mono: successfully reloaded assembly
- Completed reload, in  1.580 seconds
Platform modules already initialized, skipping
Shader 'Universal Render Pipeline/Particles/Lit': fallback shader 'Universal Render Pipeline/Particles/SimpleLit' not found
Shader 'Universal Render Pipeline/Particles/Lit': fallback shader 'Universal Render Pipeline/Particles/SimpleLit' not found
Refreshing native plugins compatible for Editor in 0.50 ms, found 2 plugins.
Preloading 0 native plugins for Editor in 0.00 ms.
Unloading 2622 Unused Serialized files (Serialized files now loaded: 0)
System memory in use before: 119.3 MB.
System memory in use after: 116.5 MB.

Unloading 49 unused Assets to reduce memory usage. Loaded Objects now: 3145.
Total: 4.768000 ms (FindLiveObjects: 0.460400 ms CreateObjectMapping: 0.213000 ms MarkObjects: 2.253300 ms  DeleteObjects: 1.838100 ms)

========================================================================
Received Import Request.
  Time since last request: 949.038559 seconds.
  path: Assets/Lvl_12.unity
  artifactKey: Guid(e731660fdf2794749a940c20e8acb784) Importer(815301076,1909f56bfc062723c751e8b465ee728b)
Start importing Assets/Lvl_12.unity using Guid(e731660fdf2794749a940c20e8acb784) Importer(815301076,1909f56bfc062723c751e8b465ee728b)  -> (artifact id: '25bc7cf26d9cef3a811cba88bacab977') in 0.032507 seconds
  Import took 0.057302 seconds .

AssetImportWorkerClient::OnTransportError - code=2 error=End of file
